Using pre-set license
Built from '2021.3/staging' branch; Version is '2021.3.5f1 (40eb3a945986) revision 4254522'; Using compiler version '192829333'; Build Type 'Release'
OS: 'Windows 10  (10.0.19044) 64bit Enterprise' Language: 'en' Physical Memory: 16339 MB
BatchMode: 1, IsHumanControllingUs: 0, StartBugReporterOnCrash: 0, Is64bit: 1, IsPro: 1

COMMAND LINE ARGUMENTS:
C:\Program Files\Unity\Hub\Editor\2021.3.5f1\Editor\Unity.exe
-adb2
-batchMode
-noUpm
-name
AssetImportWorker0
-projectPath
C:/Users/qiqihu/Desktop/LOLProject/Unity_project/FlappyBird
-logFile
Logs/AssetImportWorker0.log
-srvPort
56028
Successfully changed project path to: C:/Users/qiqihu/Desktop/LOLProject/Unity_project/FlappyBird
C:/Users/qiqihu/Desktop/LOLProject/Unity_project/FlappyBird
[UnityMemory] Configuration Parameters - Can be set up in boot.config
    "memorysetup-bucket-allocator-granularity=16"
    "memorysetup-bucket-allocator-bucket-count=8"
    "memorysetup-bucket-allocator-block-size=33554432"
    "memorysetup-bucket-allocator-block-count=8"
    "memorysetup-main-allocator-block-size=16777216"
    "memorysetup-thread-allocator-block-size=16777216"
    "memorysetup-gfx-main-allocator-block-size=16777216"
    "memorysetup-gfx-thread-allocator-block-size=16777216"
    "memorysetup-cache-allocator-block-size=4194304"
    "memorysetup-typetree-allocator-block-size=2097152"
    "memorysetup-profiler-bucket-allocator-granularity=16"
    "memorysetup-profiler-bucket-allocator-bucket-count=8"
    "memorysetup-profiler-bucket-allocator-block-size=33554432"
    "memorysetup-profiler-bucket-allocator-block-count=8"
    "memorysetup-profiler-allocator-block-size=16777216"
    "memorysetup-profiler-editor-allocator-block-size=1048576"
    "memorysetup-temp-allocator-size-main=16777216"
    "memorysetup-job-temp-allocator-block-size=2097152"
    "memorysetup-job-temp-allocator-block-size-background=1048576"
    "memorysetup-job-temp-allocator-reduction-small-platforms=262144"
    "memorysetup-temp-allocator-size-background-worker=32768"
    "memorysetup-temp-allocator-size-job-worker=262144"
    "memorysetup-temp-allocator-size-preload-manager=33554432"
    "memorysetup-temp-allocator-size-nav-mesh-worker=65536"
    "memorysetup-temp-allocator-size-audio-worker=65536"
    "memorysetup-temp-allocator-size-cloud-worker=32768"
    "memorysetup-temp-allocator-size-gi-baking-worker=262144"
    "memorysetup-temp-allocator-size-gfx=262144"
Refreshing native plugins compatible for Editor in 107.15 ms, found 4 plugins.
Preloading 0 native plugins for Editor in 0.00 ms.
Initialize engine version: 2021.3.5f1 (40eb3a945986)
[Subsystems] Discovering subsystems at path C:/Program Files/Unity/Hub/Editor/2021.3.5f1/Editor/Data/Resources/UnitySubsystems
[Subsystems] Discovering subsystems at path C:/Users/qiqihu/Desktop/LOLProject/Unity_project/FlappyBird/Assets
GfxDevice: creating device client; threaded=0; jobified=0
Direct3D:
    Version:  Direct3D 11.0 [level 11.1]
    Renderer: NVIDIA GeForce GTX 1070 (ID=0x1b81)
    Vendor:   NVIDIA
    VRAM:     8088 MB
    Driver:   30.0.15.1259
Initialize mono
Mono path[0] = 'C:/Program Files/Unity/Hub/Editor/2021.3.5f1/Editor/Data/Managed'
Mono path[1] = 'C:/Program Files/Unity/Hub/Editor/2021.3.5f1/Editor/Data/MonoBleedingEdge/lib/mono/unityjit-win32'
Mono config path = 'C:/Program Files/Unity/Hub/Editor/2021.3.5f1/Editor/Data/MonoBleedingEdge/etc'
Using monoOptions --debugger-agent=transport=dt_socket,embedding=1,server=y,suspend=n,address=127.0.0.1:56100
Begin MonoManager ReloadAssembly
Registering precompiled unity dll's ...
Register platform support module: C:/Program Files/Unity/Hub/Editor/2021.3.5f1/Editor/Data/PlaybackEngines/WindowsStandaloneSupport/UnityEditor.WindowsStandalone.Extensions.dll
Register platform support module: C:/Program Files/Unity/Hub/Editor/2021.3.5f1/Editor/Data/PlaybackEngines/MetroSupport/UnityEditor.UWP.Extensions.dll
Registered in 0.010387 seconds.
Native extension for UWP target not found
Native extension for WindowsStandalone target not found
Refreshing native plugins compatible for Editor in 81.01 ms, found 4 plugins.
Preloading 0 native plugins for Editor in 0.00 ms.
Mono: successfully reloaded assembly
- Completed reload, in  0.760 seconds
Domain Reload Profiling:
	ReloadAssembly (761ms)
		BeginReloadAssembly (88ms)
			ExecutionOrderSort (0ms)
			DisableScriptedObjects (0ms)
			BackupInstance (0ms)
			ReleaseScriptingObjects (0ms)
			CreateAndSetChildDomain (1ms)
		EndReloadAssembly (547ms)
			LoadAssemblies (86ms)
			RebuildTransferFunctionScriptingTraits (0ms)
			SetupTypeCache (108ms)
			ReleaseScriptCaches (0ms)
			RebuildScriptCaches (28ms)
			SetupLoadedEditorAssemblies (354ms)
				LogAssemblyErrors (0ms)
				InitializePlatformSupportModulesInManaged (9ms)
				SetLoadedEditorAssemblies (0ms)
				RefreshPlugins (81ms)
				BeforeProcessingInitializeOnLoad (1ms)
				ProcessInitializeOnLoadAttributes (171ms)
				ProcessInitializeOnLoadMethodAttributes (91ms)
				AfterProcessingInitializeOnLoad (0ms)
				EditorAssembliesLoaded (0ms)
			ExecutionOrderSort2 (0ms)
			AwakeInstancesAfterBackupRestoration (0ms)
Platform modules already initialized, skipping
Registering precompiled user dll's ...
Registered in 0.009747 seconds.
Begin MonoManager ReloadAssembly
Native extension for UWP target not found
Native extension for WindowsStandalone target not found
Refreshing native plugins compatible for Editor in 0.87 ms, found 4 plugins.
Preloading 0 native plugins for Editor in 0.00 ms.
Mono: successfully reloaded assembly
- Completed reload, in  1.069 seconds
Domain Reload Profiling:
	ReloadAssembly (1070ms)
		BeginReloadAssembly (113ms)
			ExecutionOrderSort (0ms)
			DisableScriptedObjects (5ms)
			BackupInstance (0ms)
			ReleaseScriptingObjects (0ms)
			CreateAndSetChildDomain (18ms)
		EndReloadAssembly (836ms)
			LoadAssemblies (92ms)
			RebuildTransferFunctionScriptingTraits (0ms)
			SetupTypeCache (285ms)
			ReleaseScriptCaches (1ms)
			RebuildScriptCaches (50ms)
			SetupLoadedEditorAssemblies (374ms)
				LogAssemblyErrors (0ms)
				InitializePlatformSupportModulesInManaged (8ms)
				SetLoadedEditorAssemblies (1ms)
				RefreshPlugins (1ms)
				BeforeProcessingInitializeOnLoad (95ms)
				ProcessInitializeOnLoadAttributes (230ms)
				ProcessInitializeOnLoadMethodAttributes (28ms)
				AfterProcessingInitializeOnLoad (11ms)
				EditorAssembliesLoaded (0ms)
			ExecutionOrderSort2 (0ms)
			AwakeInstancesAfterBackupRestoration (7ms)
Platform modules already initialized, skipping
========================================================================
Worker process is ready to serve import requests
Launched and connected shader compiler UnityShaderCompiler.exe after 0.04 seconds
Refreshing native plugins compatible for Editor in 0.61 ms, found 4 plugins.
Preloading 0 native plugins for Editor in 0.00 ms.
Unloading 3442 Unused Serialized files (Serialized files now loaded: 0)
Unloading 29 unused Assets / (86.5 KB). Loaded Objects now: 3920.
Memory consumption went from 139.2 MB to 139.1 MB.
Total: 3.768500 ms (FindLiveObjects: 0.377400 ms CreateObjectMapping: 0.329400 ms MarkObjects: 2.932700 ms  DeleteObjects: 0.127700 ms)

AssetImportParameters requested are different than current active one (requested -> active):
  custom:video-decoder-ogg-theora: a1e56fd34408186e4bbccfd4996cb3dc -> 
  custom:container-muxer-webm: aa71ff27fc2769a1b78a27578f13a17b -> 
  custom:container-demuxer-webm: 4f35f7cbe854078d1ac9338744f61a02 -> 
  custom:video-encoder-webm-vp8: eb34c28f22e8b96e1ab97ce403110664 -> 
  custom:audio-encoder-webm-vorbis: bf7c407c2cedff20999df2af8eb42d56 -> 
  custom:framework-win-MediaFoundation: 216162199b28c13a410421893ffa2e32 -> 
  custom:container-demuxer-ogg: 62fdf1f143b41e24485cea50d1cbac27 -> 
  custom:video-decoder-webm-vp8: 9c59270c3fd7afecdb556c50c9e8de78 -> 
  custom:audio-decoder-ogg-vorbis: bf7c407c2cedff20999df2af8eb42d56 -> 
========================================================================
Received Import Request.
  Time since last request: 494980.165870 seconds.
  path: Assets/Scripts/weaponColtrol.cs
  artifactKey: Guid(3944ff4d8159dbe4bae3101d4c77a6e4) Importer(815301076,1909f56bfc062723c751e8b465ee728b)
Start importing Assets/Scripts/weaponColtrol.cs using Guid(3944ff4d8159dbe4bae3101d4c77a6e4) Importer(815301076,1909f56bfc062723c751e8b465ee728b)  -> (artifact id: '2da038b932ff4b996fb99090273d2f8b') in 0.032018 seconds 
========================================================================
Received Import Request.
  Time since last request: 106.136348 seconds.
  path: Assets/Scripts/BlockControl.cs
  artifactKey: Guid(e93629df389d6194f89592fedc67a4c4) Importer(815301076,1909f56bfc062723c751e8b465ee728b)
Start importing Assets/Scripts/BlockControl.cs using Guid(e93629df389d6194f89592fedc67a4c4) Importer(815301076,1909f56bfc062723c751e8b465ee728b)  -> (artifact id: '435e56e5e1e513d18ecab0cc146226eb') in 0.002556 seconds 
========================================================================
Received Prepare
Registering precompiled user dll's ...
Registered in 0.006693 seconds.
Begin MonoManager ReloadAssembly
Native extension for UWP target not found
Native extension for WindowsStandalone target not found
Refreshing native plugins compatible for Editor in 0.59 ms, found 4 plugins.
Preloading 0 native plugins for Editor in 0.00 ms.
Mono: successfully reloaded assembly
- Completed reload, in  1.081 seconds
Domain Reload Profiling:
	ReloadAssembly (1081ms)
		BeginReloadAssembly (152ms)
			ExecutionOrderSort (0ms)
			DisableScriptedObjects (8ms)
			BackupInstance (0ms)
			ReleaseScriptingObjects (0ms)
			CreateAndSetChildDomain (39ms)
		EndReloadAssembly (824ms)
			LoadAssemblies (107ms)
			RebuildTransferFunctionScriptingTraits (0ms)
			SetupTypeCache (314ms)
			ReleaseScriptCaches (1ms)
			RebuildScriptCaches (50ms)
			SetupLoadedEditorAssemblies (319ms)
				LogAssemblyErrors (0ms)
				InitializePlatformSupportModulesInManaged (14ms)
				SetLoadedEditorAssemblies (0ms)
				RefreshPlugins (1ms)
				BeforeProcessingInitializeOnLoad (69ms)
				ProcessInitializeOnLoadAttributes (195ms)
				ProcessInitializeOnLoadMethodAttributes (30ms)
				AfterProcessingInitializeOnLoad (9ms)
				EditorAssembliesLoaded (0ms)
			ExecutionOrderSort2 (0ms)
			AwakeInstancesAfterBackupRestoration (7ms)
Platform modules already initialized, skipping
Refreshing native plugins compatible for Editor in 2.57 ms, found 4 plugins.
Preloading 0 native plugins for Editor in 0.00 ms.
Unloading 3424 Unused Serialized files (Serialized files now loaded: 0)
Unloading 23 unused Assets / (79.2 KB). Loaded Objects now: 3923.
Memory consumption went from 137.9 MB to 137.9 MB.
Total: 3.386200 ms (FindLiveObjects: 0.268800 ms CreateObjectMapping: 0.180700 ms MarkObjects: 2.845100 ms  DeleteObjects: 0.090200 ms)

AssetImportParameters requested are different than current active one (requested -> active):
  custom:video-decoder-ogg-theora: a1e56fd34408186e4bbccfd4996cb3dc -> 
  custom:container-muxer-webm: aa71ff27fc2769a1b78a27578f13a17b -> 
  custom:container-demuxer-webm: 4f35f7cbe854078d1ac9338744f61a02 -> 
  custom:video-encoder-webm-vp8: eb34c28f22e8b96e1ab97ce403110664 -> 
  custom:audio-encoder-webm-vorbis: bf7c407c2cedff20999df2af8eb42d56 -> 
  custom:framework-win-MediaFoundation: 216162199b28c13a410421893ffa2e32 -> 
  custom:container-demuxer-ogg: 62fdf1f143b41e24485cea50d1cbac27 -> 
  custom:video-decoder-webm-vp8: 9c59270c3fd7afecdb556c50c9e8de78 -> 
  custom:audio-decoder-ogg-vorbis: bf7c407c2cedff20999df2af8eb42d56 -> 
========================================================================
Received Import Request.
  Time since last request: 373.330635 seconds.
  path: Assets/Prefabs/WeaponBalls_Array.prefab
  artifactKey: Guid(68be637e7f489774687ec0b5a5ae2655) Importer(815301076,1909f56bfc062723c751e8b465ee728b)
Start importing Assets/Prefabs/WeaponBalls_Array.prefab using Guid(68be637e7f489774687ec0b5a5ae2655) Importer(815301076,1909f56bfc062723c751e8b465ee728b)  -> (artifact id: '51b69625dabb99fa578d53db008393b1') in 0.128096 seconds 
========================================================================
Received Import Request.
  Time since last request: 6.012517 seconds.
  path: Assets/Prefabs/Block.prefab
  artifactKey: Guid(d14317d99a9a4df4999e187052e49caa) Importer(815301076,1909f56bfc062723c751e8b465ee728b)
Start importing Assets/Prefabs/Block.prefab using Guid(d14317d99a9a4df4999e187052e49caa) Importer(815301076,1909f56bfc062723c751e8b465ee728b)  -> (artifact id: 'd8afdf488c4e52016dd555e495ec58bd') in 0.013757 seconds 
========================================================================
Received Import Request.
  Time since last request: 35.855446 seconds.
  path: Assets/Prefabs/WeaponBalls_Array.prefab
  artifactKey: Guid(68be637e7f489774687ec0b5a5ae2655) Importer(815301076,1909f56bfc062723c751e8b465ee728b)
Start importing Assets/Prefabs/WeaponBalls_Array.prefab using Guid(68be637e7f489774687ec0b5a5ae2655) Importer(815301076,1909f56bfc062723c751e8b465ee728b)  -> (artifact id: '5a60ff7d9a517e863e48cdbf216137a8') in 0.010329 seconds 
========================================================================
Received Import Request.
  Time since last request: 26.280581 seconds.
  path: Assets/Prefabs/Weapon.prefab
  artifactKey: Guid(68be637e7f489774687ec0b5a5ae2655) Importer(815301076,1909f56bfc062723c751e8b465ee728b)
Start importing Assets/Prefabs/Weapon.prefab using Guid(68be637e7f489774687ec0b5a5ae2655) Importer(815301076,1909f56bfc062723c751e8b465ee728b)  -> (artifact id: '689ff848d1428f3744366117eec6efcd') in 0.011068 seconds 
========================================================================
Received Import Request.
  Time since last request: 8.494180 seconds.
  path: Assets/Prefabs/Weapon.prefab
  artifactKey: Guid(68be637e7f489774687ec0b5a5ae2655) Importer(815301076,1909f56bfc062723c751e8b465ee728b)
Start importing Assets/Prefabs/Weapon.prefab using Guid(68be637e7f489774687ec0b5a5ae2655) Importer(815301076,1909f56bfc062723c751e8b465ee728b)  -> (artifact id: '414974023fce28bccb1f2011a7baeec6') in 0.010721 seconds 
========================================================================
Received Import Request.
  Time since last request: 9.133715 seconds.
  path: Assets/Prefabs/Weapon.prefab
  artifactKey: Guid(68be637e7f489774687ec0b5a5ae2655) Importer(815301076,1909f56bfc062723c751e8b465ee728b)
Start importing Assets/Prefabs/Weapon.prefab using Guid(68be637e7f489774687ec0b5a5ae2655) Importer(815301076,1909f56bfc062723c751e8b465ee728b)  -> (artifact id: '33a94bb9ef4a5986891beac548afd09c') in 0.011771 seconds 
========================================================================
Received Import Request.
  Time since last request: 3.490203 seconds.
  path: Assets/Prefabs/Weapon.prefab
  artifactKey: Guid(68be637e7f489774687ec0b5a5ae2655) Importer(815301076,1909f56bfc062723c751e8b465ee728b)
Start importing Assets/Prefabs/Weapon.prefab using Guid(68be637e7f489774687ec0b5a5ae2655) Importer(815301076,1909f56bfc062723c751e8b465ee728b)  -> (artifact id: '16ff5f104370dbbd54357fd535ead229') in 0.012261 seconds 
========================================================================
Received Import Request.
  Time since last request: 3.372130 seconds.
  path: Assets/Prefabs/Weapon.prefab
  artifactKey: Guid(68be637e7f489774687ec0b5a5ae2655) Importer(815301076,1909f56bfc062723c751e8b465ee728b)
Start importing Assets/Prefabs/Weapon.prefab using Guid(68be637e7f489774687ec0b5a5ae2655) Importer(815301076,1909f56bfc062723c751e8b465ee728b)  -> (artifact id: '7cce5bf604b9b7411262d606fc9f6a79') in 0.011078 seconds 
========================================================================
Received Import Request.
  Time since last request: 3.801485 seconds.
  path: Assets/Prefabs/Weapon.prefab
  artifactKey: Guid(68be637e7f489774687ec0b5a5ae2655) Importer(815301076,1909f56bfc062723c751e8b465ee728b)
Start importing Assets/Prefabs/Weapon.prefab using Guid(68be637e7f489774687ec0b5a5ae2655) Importer(815301076,1909f56bfc062723c751e8b465ee728b)  -> (artifact id: '38071dc4201f04badc3e29249110574e') in 0.010418 seconds 
========================================================================
Received Import Request.
  Time since last request: 2.804747 seconds.
  path: Assets/Prefabs/Weapon.prefab
  artifactKey: Guid(68be637e7f489774687ec0b5a5ae2655) Importer(815301076,1909f56bfc062723c751e8b465ee728b)
Start importing Assets/Prefabs/Weapon.prefab using Guid(68be637e7f489774687ec0b5a5ae2655) Importer(815301076,1909f56bfc062723c751e8b465ee728b)  -> (artifact id: '91876826d9e654303111c4ce57d8d848') in 0.009813 seconds 
========================================================================
Received Import Request.
  Time since last request: 3.804774 seconds.
  path: Assets/Prefabs/Weapon.prefab
  artifactKey: Guid(68be637e7f489774687ec0b5a5ae2655) Importer(815301076,1909f56bfc062723c751e8b465ee728b)
Start importing Assets/Prefabs/Weapon.prefab using Guid(68be637e7f489774687ec0b5a5ae2655) Importer(815301076,1909f56bfc062723c751e8b465ee728b)  -> (artifact id: '689696ab6fc3cd89eaa410c18a96d223') in 0.011523 seconds 
========================================================================
Received Import Request.
  Time since last request: 14.312966 seconds.
  path: Assets/Prefabs/Weapon.prefab
  artifactKey: Guid(68be637e7f489774687ec0b5a5ae2655) Importer(815301076,1909f56bfc062723c751e8b465ee728b)
Start importing Assets/Prefabs/Weapon.prefab using Guid(68be637e7f489774687ec0b5a5ae2655) Importer(815301076,1909f56bfc062723c751e8b465ee728b)  -> (artifact id: '748782a376e09b2e25f832e08e9f182e') in 0.011576 seconds 
========================================================================
Received Import Request.
  Time since last request: 4.620635 seconds.
  path: Assets/Prefabs/Weapon.prefab
  artifactKey: Guid(68be637e7f489774687ec0b5a5ae2655) Importer(815301076,1909f56bfc062723c751e8b465ee728b)
Start importing Assets/Prefabs/Weapon.prefab using Guid(68be637e7f489774687ec0b5a5ae2655) Importer(815301076,1909f56bfc062723c751e8b465ee728b)  -> (artifact id: 'a1d645a4f868fe5221c77ebb471c0b4f') in 0.011528 seconds 
========================================================================
Received Import Request.
  Time since last request: 3.829483 seconds.
  path: Assets/Prefabs/Weapon.prefab
  artifactKey: Guid(68be637e7f489774687ec0b5a5ae2655) Importer(815301076,1909f56bfc062723c751e8b465ee728b)
Start importing Assets/Prefabs/Weapon.prefab using Guid(68be637e7f489774687ec0b5a5ae2655) Importer(815301076,1909f56bfc062723c751e8b465ee728b)  -> (artifact id: '163bd9cd55ac3734637e4f09e0ecac08') in 0.010401 seconds 
========================================================================
Received Import Request.
  Time since last request: 2.404473 seconds.
  path: Assets/Prefabs/Weapon.prefab
  artifactKey: Guid(68be637e7f489774687ec0b5a5ae2655) Importer(815301076,1909f56bfc062723c751e8b465ee728b)
Start importing Assets/Prefabs/Weapon.prefab using Guid(68be637e7f489774687ec0b5a5ae2655) Importer(815301076,1909f56bfc062723c751e8b465ee728b)  -> (artifact id: 'aff454e9541e5adf487fb6632d2ebc75') in 0.012187 seconds 
========================================================================
Received Import Request.
  Time since last request: 1.799900 seconds.
  path: Assets/Prefabs/Weapon.prefab
  artifactKey: Guid(68be637e7f489774687ec0b5a5ae2655) Importer(815301076,1909f56bfc062723c751e8b465ee728b)
Start importing Assets/Prefabs/Weapon.prefab using Guid(68be637e7f489774687ec0b5a5ae2655) Importer(815301076,1909f56bfc062723c751e8b465ee728b)  -> (artifact id: '446e45e0a13569e0816011206220dd73') in 0.010103 seconds 
========================================================================
Received Import Request.
  Time since last request: 5.244655 seconds.
  path: Assets/Prefabs/Weapon.prefab
  artifactKey: Guid(68be637e7f489774687ec0b5a5ae2655) Importer(815301076,1909f56bfc062723c751e8b465ee728b)
Start importing Assets/Prefabs/Weapon.prefab using Guid(68be637e7f489774687ec0b5a5ae2655) Importer(815301076,1909f56bfc062723c751e8b465ee728b)  -> (artifact id: 'b8dc1053aeb4ffaa889fe2ef4b2971df') in 0.011277 seconds 
========================================================================
Received Import Request.
  Time since last request: 3.606018 seconds.
  path: Assets/Prefabs/Weapon.prefab
  artifactKey: Guid(68be637e7f489774687ec0b5a5ae2655) Importer(815301076,1909f56bfc062723c751e8b465ee728b)
Start importing Assets/Prefabs/Weapon.prefab using Guid(68be637e7f489774687ec0b5a5ae2655) Importer(815301076,1909f56bfc062723c751e8b465ee728b)  -> (artifact id: '84fff69b4a172a73b1f68c0ae94de5c3') in 0.011734 seconds 
========================================================================
Received Import Request.
  Time since last request: 16.111778 seconds.
  path: Assets/Prefabs/Weapon.prefab
  artifactKey: Guid(68be637e7f489774687ec0b5a5ae2655) Importer(815301076,1909f56bfc062723c751e8b465ee728b)
Start importing Assets/Prefabs/Weapon.prefab using Guid(68be637e7f489774687ec0b5a5ae2655) Importer(815301076,1909f56bfc062723c751e8b465ee728b)  -> (artifact id: 'a0a1c09415ed9e382c7f2ec8fa983e43') in 0.010804 seconds 
========================================================================
Received Import Request.
  Time since last request: 3.617675 seconds.
  path: Assets/Prefabs/Weapon.prefab
  artifactKey: Guid(68be637e7f489774687ec0b5a5ae2655) Importer(815301076,1909f56bfc062723c751e8b465ee728b)
Start importing Assets/Prefabs/Weapon.prefab using Guid(68be637e7f489774687ec0b5a5ae2655) Importer(815301076,1909f56bfc062723c751e8b465ee728b)  -> (artifact id: 'eb3d8b9f2d224bd3c13d7b83b5399005') in 0.009767 seconds 
========================================================================
Received Import Request.
  Time since last request: 6.426161 seconds.
  path: Assets/Prefabs/Weapon.prefab
  artifactKey: Guid(68be637e7f489774687ec0b5a5ae2655) Importer(815301076,1909f56bfc062723c751e8b465ee728b)
Start importing Assets/Prefabs/Weapon.prefab using Guid(68be637e7f489774687ec0b5a5ae2655) Importer(815301076,1909f56bfc062723c751e8b465ee728b)  -> (artifact id: '25d04538913416221a7b719ec399a633') in 0.010163 seconds 
========================================================================
Received Import Request.
  Time since last request: 9.840633 seconds.
  path: Assets/Prefabs/Weapon.prefab
  artifactKey: Guid(68be637e7f489774687ec0b5a5ae2655) Importer(815301076,1909f56bfc062723c751e8b465ee728b)
Start importing Assets/Prefabs/Weapon.prefab using Guid(68be637e7f489774687ec0b5a5ae2655) Importer(815301076,1909f56bfc062723c751e8b465ee728b)  -> (artifact id: '1a016dcea55468716537b3913e6997bb') in 0.009498 seconds 
========================================================================
Received Import Request.
  Time since last request: 24.351818 seconds.
  path: Assets/Prefabs/Weapon.prefab
  artifactKey: Guid(68be637e7f489774687ec0b5a5ae2655) Importer(815301076,1909f56bfc062723c751e8b465ee728b)
Start importing Assets/Prefabs/Weapon.prefab using Guid(68be637e7f489774687ec0b5a5ae2655) Importer(815301076,1909f56bfc062723c751e8b465ee728b)  -> (artifact id: '1a226da05e2b8e140e16837a7dd7a61c') in 0.010171 seconds 
========================================================================
Received Import Request.
  Time since last request: 158.321335 seconds.
  path: Assets/Scripts/WeaponSpawner.cs
  artifactKey: Guid(68818dbd82cef24479db7875a3950b57) Importer(815301076,1909f56bfc062723c751e8b465ee728b)
Start importing Assets/Scripts/WeaponSpawner.cs using Guid(68818dbd82cef24479db7875a3950b57) Importer(815301076,1909f56bfc062723c751e8b465ee728b)  -> (artifact id: 'ef5d6a9a3aeee6c6283da57cc0515696') in 0.002539 seconds 
========================================================================
Received Prepare
Registering precompiled user dll's ...
Registered in 0.009530 seconds.
Begin MonoManager ReloadAssembly
Native extension for UWP target not found
Native extension for WindowsStandalone target not found
Refreshing native plugins compatible for Editor in 0.87 ms, found 4 plugins.
Preloading 0 native plugins for Editor in 0.00 ms.
Mono: successfully reloaded assembly
- Completed reload, in  1.111 seconds
Domain Reload Profiling:
	ReloadAssembly (1112ms)
		BeginReloadAssembly (163ms)
			ExecutionOrderSort (0ms)
			DisableScriptedObjects (6ms)
			BackupInstance (0ms)
			ReleaseScriptingObjects (0ms)
			CreateAndSetChildDomain (48ms)
		EndReloadAssembly (845ms)
			LoadAssemblies (105ms)
			RebuildTransferFunctionScriptingTraits (0ms)
			SetupTypeCache (324ms)
			ReleaseScriptCaches (1ms)
			RebuildScriptCaches (52ms)
			SetupLoadedEditorAssemblies (326ms)
				LogAssemblyErrors (0ms)
				InitializePlatformSupportModulesInManaged (14ms)
				SetLoadedEditorAssemblies (1ms)
				RefreshPlugins (1ms)
				BeforeProcessingInitializeOnLoad (77ms)
				ProcessInitializeOnLoadAttributes (198ms)
				ProcessInitializeOnLoadMethodAttributes (26ms)
				AfterProcessingInitializeOnLoad (8ms)
				EditorAssembliesLoaded (0ms)
			ExecutionOrderSort2 (0ms)
			AwakeInstancesAfterBackupRestoration (7ms)
Platform modules already initialized, skipping
Refreshing native plugins compatible for Editor in 2.24 ms, found 4 plugins.
Preloading 0 native plugins for Editor in 0.00 ms.
Unloading 3424 Unused Serialized files (Serialized files now loaded: 0)
Unloading 23 unused Assets / (79.2 KB). Loaded Objects now: 3934.
Memory consumption went from 142.5 MB to 142.5 MB.
Total: 3.345800 ms (FindLiveObjects: 0.393200 ms CreateObjectMapping: 0.247400 ms MarkObjects: 2.600900 ms  DeleteObjects: 0.102700 ms)

AssetImportParameters requested are different than current active one (requested -> active):
  custom:video-decoder-ogg-theora: a1e56fd34408186e4bbccfd4996cb3dc -> 
  custom:container-muxer-webm: aa71ff27fc2769a1b78a27578f13a17b -> 
  custom:container-demuxer-webm: 4f35f7cbe854078d1ac9338744f61a02 -> 
  custom:video-encoder-webm-vp8: eb34c28f22e8b96e1ab97ce403110664 -> 
  custom:audio-encoder-webm-vorbis: bf7c407c2cedff20999df2af8eb42d56 -> 
  custom:framework-win-MediaFoundation: 216162199b28c13a410421893ffa2e32 -> 
  custom:container-demuxer-ogg: 62fdf1f143b41e24485cea50d1cbac27 -> 
  custom:video-decoder-webm-vp8: 9c59270c3fd7afecdb556c50c9e8de78 -> 
  custom:audio-decoder-ogg-vorbis: bf7c407c2cedff20999df2af8eb42d56 -> 
